This is TeX, Version 3.14159 (Web2C 7.3.1) (format=latex 2000.3.25)  25 AUG 2004 09:08
**\nonstopmode\input{telafuncs.tex}
(telafuncs.tex (/usr/share/texmf/tex/latex/base/article.cls
Document Class: article 1999/09/10 v1.4a Standard LaTeX document class
(/usr/share/texmf/tex/latex/base/size10.clo
File: size10.clo 1999/09/10 v1.4a Standard LaTeX file (size option)
)
\c@part=\count79
\c@section=\count80
\c@subsection=\count81
\c@subsubsection=\count82
\c@paragraph=\count83
\c@subparagraph=\count84
\c@figure=\count85
\c@table=\count86
\abovecaptionskip=\skip41
\belowcaptionskip=\skip42
\bibindent=\dimen102
)
(/usr/lib/sgml-tools/linuxdoc-sgml.sty
Package: linuxdoc-sgml 
) (/usr/lib/sgml-tools/qwertz.sty
\c@definition=\count87
\c@proposition=\count88
\c@lemma=\count89
\c@corollary=\count90
\c@theorem=\count91
)
(/usr/share/texmf/tex/latex/misc/url.sty
Package: url 1999/03/02  ver 1.4  Verb mode for urls, email addresses, and file
 names
)
(/usr/share/texmf/tex/latex/base/inputenc.sty
Package: inputenc 1999/09/17 v0.992 Input encoding file 

(/usr/share/texmf/tex/latex/base/latin1.def
File: latin1.def 1999/09/17 v0.992 Input encoding file 
))
(/usr/share/texmf/tex/latex/base/t1enc.sty
Package: t1enc 1994/06/01 Standard LaTeX package
)
(/usr/share/texmf/tex/generic/babel/babel.sty
Package: babel 1999/09/09 v3.6Z The Babel package


! Package babel Error: You haven't specified a language option.

See the babel package documentation for explanation.
Type  H <return>  for immediate help.
 ...                                              
                                                  
l.112 ...ry to proceed from here, type x to quit.}
                                                  
You need to specify a language, either as a global option
or as an optional argument to the \usepackage command; 
You shouldn't try to proceed from here, type x to quit.

(/usr/share/texmf/tex/generic/babel/babel.def
File: babel.def 1999/09/09 v3.6Z Babel common definitions
\babel@savecnt=\count92
\U@D=\dimen103
))
(/usr/share/texmf/tex/latex/graphics/epsfig.sty
Package: epsfig 1999/02/16 v1.7a (e)psfig emulation (SPQR)

(/usr/share/texmf/tex/latex/graphics/graphicx.sty
Package: graphicx 1999/02/16 v1.0f Enhanced LaTeX Graphics (DPC,SPQR)

(/usr/share/texmf/tex/latex/graphics/keyval.sty
Package: keyval 1999/03/16 v1.13 key=value parser (DPC)
\KV@toks@=\toks14
)
(/usr/share/texmf/tex/latex/graphics/graphics.sty
Package: graphics 1999/02/16 v1.0l Standard LaTeX Graphics (DPC,SPQR)

(/usr/share/texmf/tex/latex/graphics/trig.sty
Package: trig 1999/03/16 v1.09 sin cos tan (DPC)
)
(/usr/share/texmf/tex/latex/config/graphics.cfg)
Package graphics Info: Driver file: dvips.def on input line 80.

(/usr/share/texmf/tex/latex/graphics/dvips.def
File: dvips.def 1999/02/16 v3.0i Driver-dependant file (DPC,SPQR)
))
\Gin@req@height=\dimen104
\Gin@req@width=\dimen105
)
\epsfxsize=\dimen106
\epsfysize=\dimen107
)
(/usr/lib/sgml-tools/null.sty) (telafuncs.aux

! Package babel Error: You haven't defined the language english yet.

See the babel package documentation for explanation.
Type  H <return>  for immediate help.
 ...                                              
                                                  
l.2 \select@language{english}
                             
Your command will be ignored, type <return> to proceed

)
\openout1 = `telafuncs.aux'.

LaTeX Font Info:    Checking defaults for OML/cmm/m/it on input line 20.
LaTeX Font Info:    ... okay on input line 20.
LaTeX Font Info:    Checking defaults for T1/cmr/m/n on input line 20.
LaTeX Font Info:    ... okay on input line 20.
LaTeX Font Info:    Checking defaults for OT1/cmr/m/n on input line 20.
LaTeX Font Info:    ... okay on input line 20.
LaTeX Font Info:    Checking defaults for OMS/cmsy/m/n on input line 20.
LaTeX Font Info:    ... okay on input line 20.
LaTeX Font Info:    Checking defaults for OMX/cmex/m/n on input line 20.
LaTeX Font Info:    ... okay on input line 20.
LaTeX Font Info:    Checking defaults for U/cmr/m/n on input line 20.
LaTeX Font Info:    ... okay on input line 20.


! Package babel Error: You haven't defined the language english yet.

See the babel package documentation for explanation.
Type  H <return>  for immediate help.
 ...                                              
                                                  
l.20 \begin{document}
                     
Your command will be ignored, type <return> to proceed

LaTeX Font Info:    Try loading font information for T1+cmss on input line 21.
(/usr/share/texmf/tex/latex/base/t1cmss.fd
File: t1cmss.fd 1999/05/25 v2.5h Standard LaTeX font definitions
)
LaTeX Font Info:    Try loading font information for T1+cmtt on input line 21.

(/usr/share/texmf/tex/latex/base/t1cmtt.fd
File: t1cmtt.fd 1999/05/25 v2.5h Standard LaTeX font definitions
)
Underfull \hbox (badness 10000) in paragraph at lines 21--21

 []

(telafuncs.toc

! Package babel Error: You haven't defined the language english yet.

See the babel package documentation for explanation.
Type  H <return>  for immediate help.
 ...                                              
                                                  
l.1 \select@language {english}
                              
Your command will be ignored, type <return> to proceed

LaTeX Font Info:    External font `cmex10' loaded for size
(Font)              <7> on input line 3.
LaTeX Font Info:    External font `cmex10' loaded for size
(Font)              <5> on input line 3.
[1

] [2] [3] [4] [5] [6])
\tf@toc=\write3
\openout3 = `telafuncs.toc'.

 [7] [8] [9] [10]
Underfull \hbox (badness 10000) in paragraph at lines 281--282
[]\T1/cmtt/m/n/9 See also: 1.168[] (plotopt), 1.99[] (hold), 1.166[] (plot), 1.
163[] (pcolor), 1.157[] (mesh),
 []

[11] [12] [13]

LaTeX Warning: Reference `interp' on page 14 undefined on input line 595.

[14]
Underfull \hbox (badness 10000) in paragraph at lines 706--707
[]\T1/cmtt/m/n/9 See also: 1.144[] (linsolve), 1.149[] (LU), 1.154[] (matprod),
 1.45[] (det), 1.48[] (eig), 1.112[]
 []

[15] [16]
Underfull \hbox (badness 10000) in paragraph at lines 863--864
[]\T1/cmtt/m/n/9 See also: 1.33[] (contour3), 1.8[] (annotate), 1.166[] (plot),
 1.157[] (mesh), 1.163[] (pcolor),
 []

[17]
Underfull \hbox (badness 10000) in paragraph at lines 943--944
[]\T1/cmtt/m/n/9 See also: 1.113[] (invcosFFT), 1.193[] (sinFFT), 1.37[] (cosqF
FT), 1.195[] (sinqFFT), 1.179[]
 []

[18] [19]
Underfull \hbox (badness 10000) in paragraph at lines 1113--1114
[]\T1/cmtt/m/n/9 See also: 1.202[] (sppcmark), 1.172[] (pseudo), 1.160[] (panel
), 1.50[] (endpanels), 1.203[]
 []

[20] [21]
Underfull \hbox (badness 10000) in paragraph at lines 1279--1280
[]\T1/cmtt/m/n/9 See also: 1.43[] (curve), 1.202[] (sppcmark), 1.172[] (pseudo)
, 1.160[] (panel), 1.203[]
 []

[22] [23] [24] [25] [26] [27]
Underfull \hbox (badness 10000) in paragraph at lines 1725--1726
[]\T1/cmtt/m/n/9 See also: 1.77[] (fopen), 1.68[] (fformat), 1.81[] (fread), 1.
82[] (fwrite), 1.70[] (fgetc), 1.70[]
 []

[28]
Underfull \hbox (badness 10000) in paragraph at lines 1821--1822
[]\T1/cmtt/m/n/9 See also: 1.115[] (invFFT), 1.179[] (realFFT), 1.193[] (sinFFT
), 1.35[] (cosFFT), 1.195[]
 []

[29] [30]
Underfull \hbox (badness 10000) in paragraph at lines 2022--2023
[]\T1/cmtt/m/n/9 See also: 1.68[] (fformat), 1.66[] (fclose), 1.70[] (fgetc), 1
.71[] (fgets), 1.81[] (fread), 1.82[]
 []

[31] [32]
Underfull \hbox (badness 10000) in paragraph at lines 2116--2117
[]\T1/cmtt/m/n/9 See also: 1.77[] (fopen), 1.67[] (feof), 1.71[] (fgets), 1.70[
] (fgetc), 1.81[] (fread), 1.82[]
 []

[33] [34] [35] [36] [37] [38] [39] [40] [41]
Underfull \hbox (badness 10000) in paragraph at lines 2855--2856
[]\T1/cmtt/m/n/9 See also: 1.145[] (load), 1.185[] (save), 1.103[] (import1), 1
.58[] (export_matlab), 1.63[]
 []

[42] [43] [44] [45] [46]
Underfull \hbox (badness 10000) in paragraph at lines 3191--3192
[]\T1/cmtt/m/n/9 See also: 1.144[] (linsolve), 1.149[] (LU), 1.26[] (chol), 1.1
54[] (matprod), 1.45[] (det), 1.48[]
 []

[47] [48] [49] [50] [51] [52] [53] [54] [55]

LaTeX Warning: Reference `fact' on page 56 undefined on input line 3958.


LaTeX Warning: Reference `Gamma' on page 56 undefined on input line 3958.


LaTeX Warning: Reference `logGamma' on page 56 undefined on input line 3958.

[56] [57] [58] [59] [60]
Underfull \hbox (badness 10000) in paragraph at lines 4392--4393
[]\T1/cmtt/m/n/9 See also: 1.43[] (curve), 1.202[] (sppcmark), 1.172[] (pseudo)
, 1.50[] (endpanels), 1.203[]
 []

[61] [62]
Underfull \hbox (badness 10000) in paragraph at lines 4540--4541
[]\T1/cmtt/m/n/9 See also: 1.167[] (plot3), 1.8[] (annotate), 1.168[] (plotopt)
, 1.157[] (mesh), 1.32[] (contour),
 []

[63] [64]
Underfull \hbox (badness 10000) in paragraph at lines 4701--4702
[]\T1/cmtt/m/n/9 See also: 1.43[] (curve), 1.202[] (sppcmark), 1.160[] (panel),
 1.50[] (endpanels), 1.203[]
 []

[65] [66] [67]
Underfull \hbox (badness 10000) in paragraph at lines 4918--4919
[]\T1/cmtt/m/n/9 See also: 1.116[] (invrealFFT), 1.69[] (FFT), 1.193[] (sinFFT)
, 1.35[] (cosFFT), 1.195[]
 []

[68] [69] [70] [71]
Underfull \hbox (badness 10000) in paragraph at lines 5256--5257
[]\T1/cmtt/m/n/9 See also: 1.117[] (invsinFFT), 1.35[] (cosFFT), 1.195[] (sinqF
FT), 1.37[] (cosqFFT), 1.179[]
 []

[72] [73] [74]
Underfull \hbox (badness 10000) in paragraph at lines 5492--5493
[]\T1/cmtt/m/n/9 See also: 1.43[] (curve), 1.172[] (pseudo), 1.160[] (panel), 1
.50[] (endpanels), 1.203[]
 []

[75]
Underfull \hbox (badness 10000) in paragraph at lines 5561--5562
[]\T1/cmtt/m/n/9 See also: 1.43[] (curve), 1.202[] (sppcmark), 1.172[] (pseudo)
, 1.160[] (panel), 1.234[]
 []

[76] [77] [78] [79] [80] [81] [82] [83]
Underfull \hbox (badness 10000) in paragraph at lines 6286--6287
[]\T1/cmtt/m/n/9 See also: 1.43[] (curve), 1.202[] (sppcmark), 1.172[] (pseudo)
, 1.50[] (endpanels), 1.203[]
 []

[84] [85] (telafuncs.aux

! Package babel Error: You haven't defined the language english yet.

See the babel package documentation for explanation.
Type  H <return>  for immediate help.
 ...                                              
                                                  
l.2 \select@language{english}
                             
Your command will be ignored, type <return> to proceed

)

LaTeX Warning: There were undefined references.

 ) 
Here is how much of TeX's memory you used:
 1216 strings out of 25901
 13572 string characters out of 197578
 66276 words of memory out of 384000
 4168 multiletter control sequences out of 10000+15000
 12735 words of font info for 27 fonts, out of 400000 for 1000
 14 hyphenation exceptions out of 1000
 33i,6n,21p,260b,467s stack positions out of 300i,100n,500p,50000b,4000s

Output written on telafuncs.dvi (85 pages, 292064 bytes).
