This is TeX, Version 3.14159 (Web2C 7.3.1) (format=latex 2000.3.25)  25 AUG 2004 09:08
**\nonstopmode\input{telafuncsSectioned.tex}
(telafuncsSectioned.tex (/usr/share/texmf/tex/latex/base/article.cls
Document Class: article 1999/09/10 v1.4a Standard LaTeX document class
(/usr/share/texmf/tex/latex/base/size10.clo
File: size10.clo 1999/09/10 v1.4a Standard LaTeX file (size option)
)
\c@part=\count79
\c@section=\count80
\c@subsection=\count81
\c@subsubsection=\count82
\c@paragraph=\count83
\c@subparagraph=\count84
\c@figure=\count85
\c@table=\count86
\abovecaptionskip=\skip41
\belowcaptionskip=\skip42
\bibindent=\dimen102
)
(/usr/lib/sgml-tools/linuxdoc-sgml.sty
Package: linuxdoc-sgml 
) (/usr/lib/sgml-tools/qwertz.sty
\c@definition=\count87
\c@proposition=\count88
\c@lemma=\count89
\c@corollary=\count90
\c@theorem=\count91
)
(/usr/share/texmf/tex/latex/misc/url.sty
Package: url 1999/03/02  ver 1.4  Verb mode for urls, email addresses, and file
 names
)
(/usr/share/texmf/tex/latex/base/inputenc.sty
Package: inputenc 1999/09/17 v0.992 Input encoding file 

(/usr/share/texmf/tex/latex/base/latin1.def
File: latin1.def 1999/09/17 v0.992 Input encoding file 
))
(/usr/share/texmf/tex/latex/base/t1enc.sty
Package: t1enc 1994/06/01 Standard LaTeX package
)
(/usr/share/texmf/tex/generic/babel/babel.sty
Package: babel 1999/09/09 v3.6Z The Babel package


! Package babel Error: You haven't specified a language option.

See the babel package documentation for explanation.
Type  H <return>  for immediate help.
 ...                                              
                                                  
l.112 ...ry to proceed from here, type x to quit.}
                                                  
You need to specify a language, either as a global option
or as an optional argument to the \usepackage command; 
You shouldn't try to proceed from here, type x to quit.

(/usr/share/texmf/tex/generic/babel/babel.def
File: babel.def 1999/09/09 v3.6Z Babel common definitions
\babel@savecnt=\count92
\U@D=\dimen103
))
(/usr/share/texmf/tex/latex/graphics/epsfig.sty
Package: epsfig 1999/02/16 v1.7a (e)psfig emulation (SPQR)

(/usr/share/texmf/tex/latex/graphics/graphicx.sty
Package: graphicx 1999/02/16 v1.0f Enhanced LaTeX Graphics (DPC,SPQR)

(/usr/share/texmf/tex/latex/graphics/keyval.sty
Package: keyval 1999/03/16 v1.13 key=value parser (DPC)
\KV@toks@=\toks14
)
(/usr/share/texmf/tex/latex/graphics/graphics.sty
Package: graphics 1999/02/16 v1.0l Standard LaTeX Graphics (DPC,SPQR)

(/usr/share/texmf/tex/latex/graphics/trig.sty
Package: trig 1999/03/16 v1.09 sin cos tan (DPC)
)
(/usr/share/texmf/tex/latex/config/graphics.cfg)
Package graphics Info: Driver file: dvips.def on input line 80.

(/usr/share/texmf/tex/latex/graphics/dvips.def
File: dvips.def 1999/02/16 v3.0i Driver-dependant file (DPC,SPQR)
))
\Gin@req@height=\dimen104
\Gin@req@width=\dimen105
)
\epsfxsize=\dimen106
\epsfysize=\dimen107
)
(/usr/lib/sgml-tools/null.sty) (telafuncsSectioned.aux

! Package babel Error: You haven't defined the language english yet.

See the babel package documentation for explanation.
Type  H <return>  for immediate help.
 ...                                              
                                                  
l.2 \select@language{english}
                             
Your command will be ignored, type <return> to proceed

)
\openout1 = `telafuncsSectioned.aux'.

LaTeX Font Info:    Checking defaults for OML/cmm/m/it on input line 20.
LaTeX Font Info:    ... okay on input line 20.
LaTeX Font Info:    Checking defaults for T1/cmr/m/n on input line 20.
LaTeX Font Info:    ... okay on input line 20.
LaTeX Font Info:    Checking defaults for OT1/cmr/m/n on input line 20.
LaTeX Font Info:    ... okay on input line 20.
LaTeX Font Info:    Checking defaults for OMS/cmsy/m/n on input line 20.
LaTeX Font Info:    ... okay on input line 20.
LaTeX Font Info:    Checking defaults for OMX/cmex/m/n on input line 20.
LaTeX Font Info:    ... okay on input line 20.
LaTeX Font Info:    Checking defaults for U/cmr/m/n on input line 20.
LaTeX Font Info:    ... okay on input line 20.


! Package babel Error: You haven't defined the language english yet.

See the babel package documentation for explanation.
Type  H <return>  for immediate help.
 ...                                              
                                                  
l.20 \begin{document}
                     
Your command will be ignored, type <return> to proceed

LaTeX Font Info:    Try loading font information for T1+cmss on input line 21.
(/usr/share/texmf/tex/latex/base/t1cmss.fd
File: t1cmss.fd 1999/05/25 v2.5h Standard LaTeX font definitions
)
LaTeX Font Info:    Try loading font information for T1+cmtt on input line 21.

(/usr/share/texmf/tex/latex/base/t1cmtt.fd
File: t1cmtt.fd 1999/05/25 v2.5h Standard LaTeX font definitions
)
Underfull \hbox (badness 10000) in paragraph at lines 21--21

 []

(telafuncsSectioned.toc

! Package babel Error: You haven't defined the language english yet.

See the babel package documentation for explanation.
Type  H <return>  for immediate help.
 ...                                              
                                                  
l.1 \select@language {english}
                              
Your command will be ignored, type <return> to proceed

LaTeX Font Info:    External font `cmex10' loaded for size
(Font)              <7> on input line 4.
LaTeX Font Info:    External font `cmex10' loaded for size
(Font)              <5> on input line 4.
[1

] [2] [3] [4] [5] [6] [7])
\tf@toc=\write3
\openout3 = `telafuncsSectioned.toc'.

 [8] [9] [10] [11] [12] [13] [14] [15] [16]
[17] [18] [19] [20] [21] [22] [23] [24] [25] [26] [27] [28] [29] [30] [31]
[32] [33] [34] [35] [36] [37] [38] [39] [40] [41]
Underfull \hbox (badness 10000) in paragraph at lines 2738--2739
[]\T1/cmtt/m/n/9 See also: 3.13[] (load), 3.15[] (save), 3.10[] (import1), 3.1[
] (export_matlab), 3.6[]
 []

[42] [43] [44] [45] [46]
Underfull \hbox (badness 10000) in paragraph at lines 3062--3063
[]\T1/cmtt/m/n/9 See also: 4.18[] (plotopt), 4.11[] (hold), 4.16[] (plot), 4.14
[] (pcolor), 4.13[] (mesh), 4.5[]
 []

[47]
Underfull \hbox (badness 10000) in paragraph at lines 3178--3179
[]\T1/cmtt/m/n/9 See also: 4.6[] (contour3), 4.1[] (annotate), 4.16[] (plot), 4
.13[] (mesh), 4.14[] (pcolor), 4.21[]
 []

[48] [49] [50] [51]
Underfull \hbox (badness 10000) in paragraph at lines 3456--3457
[]\T1/cmtt/m/n/9 See also: 4.17[] (plot3), 4.1[] (annotate), 4.18[] (plotopt), 
4.13[] (mesh), 4.5[] (contour),
 []

[52] [53]
Underfull \hbox (badness 10000) in paragraph at lines 3619--3620
[]\T1/cmtt/m/n/9 See also: 5.5[] (sppcmark), 5.4[] (pseudo), 5.3[] (panel), 5.2
[] (endpanels), 5.6[] (sppcopts),
 []


Underfull \hbox (badness 10000) in paragraph at lines 3652--3653
[]\T1/cmtt/m/n/9 See also: 5.1[] (curve), 5.5[] (sppcmark), 5.4[] (pseudo), 5.3
[] (panel), 5.6[] (sppcopts), 5.7[]
 []

[54]
Underfull \hbox (badness 10000) in paragraph at lines 3675--3676
[]\T1/cmtt/m/n/9 See also: 5.1[] (curve), 5.5[] (sppcmark), 5.4[] (pseudo), 5.2
[] (endpanels), 5.6[] (sppcopts),
 []


Underfull \hbox (badness 10000) in paragraph at lines 3699--3700
[]\T1/cmtt/m/n/9 See also: 5.1[] (curve), 5.5[] (sppcmark), 5.3[] (panel), 5.2[
] (endpanels), 5.6[] (sppcopts),
 []

[55]
Underfull \hbox (badness 10000) in paragraph at lines 3743--3744
[]\T1/cmtt/m/n/9 See also: 5.1[] (curve), 5.4[] (pseudo), 5.3[] (panel), 5.2[] 
(endpanels), 5.6[] (sppcopts), 5.7[]
 []

[56]
Underfull \hbox (badness 10000) in paragraph at lines 3810--3811
[]\T1/cmtt/m/n/9 See also: 5.1[] (curve), 5.5[] (sppcmark), 5.4[] (pseudo), 5.3
[] (panel), 5.7[] (xlabels), 5.2[]
 []


Underfull \hbox (badness 10000) in paragraph at lines 3834--3835
[]\T1/cmtt/m/n/9 See also: 5.1[] (curve), 5.5[] (sppcmark), 5.4[] (pseudo), 5.2
[] (endpanels), 5.6[] (sppcopts),
 []

[57] [58] [59] [60] [61]
Underfull \hbox (badness 10000) in paragraph at lines 4204--4205
[]\T1/cmtt/m/n/9 See also: 7.2[] (invFFT), 7.4[] (realFFT), 8.7[] (sinFFT), 8.1
[] (cosFFT), 8.8[] (sinqFFT), 8.2[]
 []

[62] [63]
Underfull \hbox (badness 10000) in paragraph at lines 4304--4305
[]\T1/cmtt/m/n/9 See also: 7.3[] (invrealFFT), 7.1[] (FFT), 8.7[] (sinFFT), 8.1
[] (cosFFT), 8.8[] (sinqFFT), 8.2[]
 []


Underfull \hbox (badness 10000) in paragraph at lines 4349--4350
[]\T1/cmtt/m/n/9 See also: 8.3[] (invcosFFT), 8.7[] (sinFFT), 8.2[] (cosqFFT), 
8.8[] (sinqFFT), 7.4[] (realFFT),
 []

[64] [65] [66]
Underfull \hbox (badness 10000) in paragraph at lines 4530--4531
[]\T1/cmtt/m/n/9 See also: 8.5[] (invsinFFT), 8.1[] (cosFFT), 8.8[] (sinqFFT), 
8.2[] (cosqFFT), 7.4[] (realFFT),
 []

[67]
Underfull \hbox (badness 10000) in paragraph at lines 4625--4626
[]\T1/cmtt/m/n/9 See also: 10.6[] (fopen), 10.3[] (fformat), 10.10[] (fread), 1
0.11[] (fwrite), 10.4[] (fgetc),
 []

[68]
Underfull \hbox (badness 10000) in paragraph at lines 4739--4740
[]\T1/cmtt/m/n/9 See also: 10.3[] (fformat), 10.1[] (fclose), 10.4[] (fgetc), 1
0.5[] (fgets), 10.10[] (fread),
 []

[69] [70]
Underfull \hbox (badness 10000) in paragraph at lines 4829--4830
[]\T1/cmtt/m/n/9 See also: 10.6[] (fopen), 10.2[] (feof), 10.5[] (fgets), 10.4[
] (fgetc), 10.10[] (fread), 10.11[]
 []

[71] [72] [73] [74]

LaTeX Warning: Reference `interp' on page 75 undefined on input line 5114.

[75] [76] [77] [78] [79]

LaTeX Warning: Reference `fact' on page 80 undefined on input line 5523.


LaTeX Warning: Reference `Gamma' on page 80 undefined on input line 5523.


LaTeX Warning: Reference `logGamma' on page 80 undefined on input line 5523.

[80] [81] [82] [83] [84] [85] [86] [87] (telafuncsSectioned.aux

! Package babel Error: You haven't defined the language english yet.

See the babel package documentation for explanation.
Type  H <return>  for immediate help.
 ...                                              
                                                  
l.2 \select@language{english}
                             
Your command will be ignored, type <return> to proceed

)

LaTeX Warning: There were undefined references.

 ) 
Here is how much of TeX's memory you used:
 1216 strings out of 25901
 13626 string characters out of 197578
 66143 words of memory out of 384000
 4168 multiletter control sequences out of 10000+15000
 12735 words of font info for 27 fonts, out of 400000 for 1000
 14 hyphenation exceptions out of 1000
 33i,6n,21p,269b,467s stack positions out of 300i,100n,500p,50000b,4000s

Output written on telafuncsSectioned.dvi (87 pages, 292760 bytes).
